[debug] [2024-03-22T13:55:14.331Z] ----------------------------------------------------------------------
[debug] [2024-03-22T13:55:14.333Z] Command:       C:\Program Files\nodejs\node.exe C:\Users\baguti\AppData\Roaming\npm\node_modules\firebase-tools\lib\bin\firebase.js deploy
[debug] [2024-03-22T13:55:14.334Z] CLI Version:   13.5.2
[debug] [2024-03-22T13:55:14.334Z] Platform:      win32
[debug] [2024-03-22T13:55:14.334Z] Node Version:  v20.11.1
[debug] [2024-03-22T13:55:14.334Z] Time:          Fri Mar 22 2024 15:55:14 GMT+0200 (Eastern European Standard Time)
[debug] [2024-03-22T13:55:14.334Z] ----------------------------------------------------------------------
[debug] 
[debug] [2024-03-22T13:55:14.395Z] > command requires scopes: ["email","openid","https://www.googleapis.com/auth/cloudplatformprojects.readonly","https://www.googleapis.com/auth/firebase","https://www.googleapis.com/auth/cloud-platform"]
[debug] [2024-03-22T13:55:14.395Z] > authorizing via signed-in user (bagutirina@yahoo.com)
[debug] [2024-03-22T13:55:14.395Z] [iam] checking project mood-journal-server-8c032 for permissions ["firebase.projects.get","firebasehosting.sites.update"]
[debug] [2024-03-22T13:55:14.397Z] >>> [apiv2][query] POST https://cloudresourcemanager.googleapis.com/v1/projects/mood-journal-server-8c032:testIamPermissions [none]
[debug] [2024-03-22T13:55:14.397Z] >>> [apiv2][(partial)header] POST https://cloudresourcemanager.googleapis.com/v1/projects/mood-journal-server-8c032:testIamPermissions x-goog-quota-user=projects/mood-journal-server-8c032
[debug] [2024-03-22T13:55:14.397Z] >>> [apiv2][body] POST https://cloudresourcemanager.googleapis.com/v1/projects/mood-journal-server-8c032:testIamPermissions {"permissions":["firebase.projects.get","firebasehosting.sites.update"]}
[debug] [2024-03-22T13:55:14.819Z] *** [apiv2] error from fetch(https://cloudresourcemanager.googleapis.com/v1/projects/mood-journal-server-8c032:testIamPermissions, {"headers":{},"method":"POST","body":"{\"permissions\":[\"firebase.projects.get\",\"firebasehosting.sites.update\"]}"}): FetchError: request to https://cloudresourcemanager.googleapis.com/v1/projects/mood-journal-server-8c032:testIamPermissions failed, reason: unable to get local issuer certificate
[debug] [2024-03-22T13:55:14.820Z] [iam] error while checking permissions, command may fail: FirebaseError: Failed to make request to https://cloudresourcemanager.googleapis.com/v1/projects/mood-journal-server-8c032:testIamPermissions
[debug] [2024-03-22T13:55:14.820Z] >>> [apiv2][query] GET https://firebase.googleapis.com/v1beta1/projects/mood-journal-server-8c032 [none]
[debug] [2024-03-22T13:55:15.123Z] *** [apiv2] error from fetch(https://firebase.googleapis.com/v1beta1/projects/mood-journal-server-8c032, {"headers":{},"method":"GET","signal":{}}): FetchError: request to https://firebase.googleapis.com/v1beta1/projects/mood-journal-server-8c032 failed, reason: unable to get local issuer certificate
[debug] [2024-03-22T13:55:15.123Z] Failed to make request to https://firebase.googleapis.com/v1beta1/projects/mood-journal-server-8c032 (original: request to https://firebase.googleapis.com/v1beta1/projects/mood-journal-server-8c032 failed, reason: unable to get local issuer certificate)
[debug] [2024-03-22T13:55:15.124Z] Specified "public" directory "dist" does not exist; Deploy to Hosting site "" may fail or be empty.
[error] 
[error] Error: Assertion failed: resolving hosting target of a site with no site name or target name. This should have caused an error earlier
